Virtual User Script started at: 10-12-2025 16:32:44	[MsgId: MMSG-15967]
Starting action vuser_init.	[MsgId: MMSG-15919]
Web Turbo Replay of LoadRunner 2023.0.0 for Windows 10; build 506 (Mar 08 2023 13:11:40)  	[MsgId: MMSG-26983]
Run mode: HTML  	[MsgId: MMSG-26993]
Replay user agent: Mozilla/5.0 (Windows NT 10.0; Win64; x64) AppleWebKit/537.36 (KHTML, like Gecko) Chrome/113.0.0.0 Safari/537.36  	[MsgId: MMSG-26988]
Runtime Settings file: "C:\Users\Administrator\AppData\Local\Temp\lr5tmpdiruqU.718\lrcfgOqc.719\cfg8aD.720"  	[MsgId: MMSG-27141]
Ending action vuser_init.	[MsgId: MMSG-15918]
Running Vuser...	[MsgId: MMSG-15964]
Starting iteration 1.	[MsgId: MMSG-15968]
Maximum number of concurrent connections per server: 6  	[MsgId: MMSG-26989]
Starting action Register.	[MsgId: MMSG-15919]
Register.c(4): web_set_sockets_option started  	[MsgId: MMSG-26355]
Register.c(4): web_set_sockets_option was successful  	[MsgId: MMSG-26392]
Register.c(6): web_add_auto_header("Accept-Language") started  	[MsgId: MMSG-26355]
Register.c(6): web_add_auto_header("Accept-Language") was successful  	[MsgId: MMSG-26392]
Register.c(9): web_url("demowebshop.tricentis.com") started  	[MsgId: MMSG-26355]
Register.c(9): Found resource "https://demowebshop.tricentis.com/Themes/DefaultClean/Content/styles.css" in HTML "https://demowebshop.tricentis.com/"  	[MsgId: MMSG-26659]
Register.c(9): Found resource "https://demowebshop.tricentis.com/Themes/DefaultClean/Content/responsive.css" in HTML "https://demowebshop.tricentis.com/"  	[MsgId: MMSG-26659]
Register.c(9): Found resource "https://demowebshop.tricentis.com/Content/jquery-ui-themes/smoothness/jquery-ui-1.10.3.custom.min.css" in HTML "https://demowebshop.tricentis.com/"  	[MsgId: MMSG-26659]
Register.c(9): Found resource "https://demowebshop.tricentis.com/Plugins/Widgets.NivoSlider/Content/nivoslider/nivo-slider.css" in HTML "https://demowebshop.tricentis.com/"  	[MsgId: MMSG-26659]
Register.c(9): Found resource "https://demowebshop.tricentis.com/Plugins/Widgets.NivoSlider/Content/nivoslider/themes/default/default.css" in HTML "https://demowebshop.tricentis.com/"  	[MsgId: MMSG-26659]
Register.c(9): Found resource "https://demowebshop.tricentis.com/Scripts/jquery-1.10.2.min.js" in HTML "https://demowebshop.tricentis.com/"  	[MsgId: MMSG-26659]
Register.c(9): Found resource "https://demowebshop.tricentis.com/Scripts/jquery.validate.min.js" in HTML "https://demowebshop.tricentis.com/"  	[MsgId: MMSG-26659]
Register.c(9): Found resource "https://demowebshop.tricentis.com/Scripts/jquery.validate.unobtrusive.min.js" in HTML "https://demowebshop.tricentis.com/"  	[MsgId: MMSG-26659]
Register.c(9): Found resource "https://demowebshop.tricentis.com/Scripts/jquery-ui-1.10.3.custom.min.js" in HTML "https://demowebshop.tricentis.com/"  	[MsgId: MMSG-26659]
Register.c(9): Found resource "https://demowebshop.tricentis.com/Scripts/jquery-migrate-1.2.1.min.js" in HTML "https://demowebshop.tricentis.com/"  	[MsgId: MMSG-26659]
Register.c(9): Found resource "https://demowebshop.tricentis.com/Scripts/public.common.js" in HTML "https://demowebshop.tricentis.com/"  	[MsgId: MMSG-26659]
Register.c(9): Found resource "https://demowebshop.tricentis.com/Scripts/public.ajaxcart.js" in HTML "https://demowebshop.tricentis.com/"  	[MsgId: MMSG-26659]
Register.c(9): Found resource "https://demowebshop.tricentis.com/Plugins/Widgets.NivoSlider/Scripts/jquery.nivo.slider.js" in HTML "https://demowebshop.tricentis.com/"  	[MsgId: MMSG-26659]
Register.c(9): Found resource "https://demowebshop.tricentis.com/Themes/DefaultClean/Content/images/logo.png" in HTML "https://demowebshop.tricentis.com/"  	[MsgId: MMSG-26659]
Register.c(9): Found resource "https://demowebshop.tricentis.com/content/images/thumbs/0000215.png" in HTML "https://demowebshop.tricentis.com/"  	[MsgId: MMSG-26659]
Register.c(9): Found resource "https://demowebshop.tricentis.com/content/images/thumbs/0000240.png" in HTML "https://demowebshop.tricentis.com/"  	[MsgId: MMSG-26659]
Register.c(9): Found resource "https://demowebshop.tricentis.com/content/images/thumbs/0000015_25-virtual-gift-card_125.jpeg" in HTML "https://demowebshop.tricentis.com/"  	[MsgId: MMSG-26659]
Register.c(9): Found resource "https://demowebshop.tricentis.com/content/images/thumbs/0000224_141-inch-laptop_125.png" in HTML "https://demowebshop.tricentis.com/"  	[MsgId: MMSG-26659]
Register.c(9): Found resource "https://demowebshop.tricentis.com/content/images/thumbs/0000172_build-your-own-cheap-computer_125.jpeg" in HTML "https://demowebshop.tricentis.com/"  	[MsgId: MMSG-26659]
Register.c(9): Found resource "https://demowebshop.tricentis.com/content/images/thumbs/0000031_build-your-own-computer_125.jpeg" in HTML "https://demowebshop.tricentis.com/"  	[MsgId: MMSG-26659]
Register.c(9): Found resource "https://demowebshop.tricentis.com/content/images/thumbs/0000201_build-your-own-expensive-computer_125.jpeg" in HTML "https://demowebshop.tricentis.com/"  	[MsgId: MMSG-26659]
Register.c(9): Found resource "https://demowebshop.tricentis.com/content/images/thumbs/0000204_simple-computer_125.jpeg" in HTML "https://demowebshop.tricentis.com/"  	[MsgId: MMSG-26659]
Register.c(9): web_url("demowebshop.tricentis.com") was successful, 705331 body bytes, 7474 header bytes  	[MsgId: MMSG-26386]
Register.c(19): Notify: Transaction "Registration" started.	[MsgId: MMSG-16999]
Register.c(22): web_reg_save_param_attrib started  	[MsgId: MMSG-26355]
Register.c(22): Registering web_reg_save_param_attrib was successful  	[MsgId: MMSG-26390]
Register.c(33): web_url("Register") started  	[MsgId: MMSG-26355]
Register.c(33): Resource "https://demowebshop.tricentis.com/Themes/DefaultClean/Content/styles.css" is in the cache already and will not be downloaded again  	[MsgId: MMSG-26655]
Register.c(33): Resource "https://demowebshop.tricentis.com/Themes/DefaultClean/Content/responsive.css" is in the cache already and will not be downloaded again  	[MsgId: MMSG-26655]
Register.c(33): Resource "https://demowebshop.tricentis.com/Content/jquery-ui-themes/smoothness/jquery-ui-1.10.3.custom.min.css" is in the cache already and will not be downloaded again  	[MsgId: MMSG-26655]
Register.c(33): Resource "https://demowebshop.tricentis.com/Scripts/jquery-1.10.2.min.js" is in the cache already and will not be downloaded again  	[MsgId: MMSG-26655]
Register.c(33): Resource "https://demowebshop.tricentis.com/Scripts/jquery.validate.min.js" is in the cache already and will not be downloaded again  	[MsgId: MMSG-26655]
Register.c(33): Resource "https://demowebshop.tricentis.com/Scripts/jquery.validate.unobtrusive.min.js" is in the cache already and will not be downloaded again  	[MsgId: MMSG-26655]
Register.c(33): Resource "https://demowebshop.tricentis.com/Scripts/jquery-ui-1.10.3.custom.min.js" is in the cache already and will not be downloaded again  	[MsgId: MMSG-26655]
Register.c(33): Resource "https://demowebshop.tricentis.com/Scripts/jquery-migrate-1.2.1.min.js" is in the cache already and will not be downloaded again  	[MsgId: MMSG-26655]
Register.c(33): Resource "https://demowebshop.tricentis.com/Scripts/public.common.js" is in the cache already and will not be downloaded again  	[MsgId: MMSG-26655]
Register.c(33): Resource "https://demowebshop.tricentis.com/Scripts/public.ajaxcart.js" is in the cache already and will not be downloaded again  	[MsgId: MMSG-26655]
Register.c(33): Resource "https://demowebshop.tricentis.com/Themes/DefaultClean/Content/images/logo.png" is in the cache already and will not be downloaded again  	[MsgId: MMSG-26655]
Register.c(33): Notify: Saving Parameter "__RequestVerificationToken = vydV6_T7YKn9SFxnTVfpNybi0F_UWeAWv_rocpoWlbloKMTCob9Ejp-OeSDLCsYUJPf_qsoZ9bRTMDTG5SqAmD9_2ybGz_oHLsUe8r3rfG41".	[MsgId: MMSG-13798]
Register.c(33): web_url("Register") was successful, 23878 body bytes, 565 header bytes  	[MsgId: MMSG-26386]
Register.c(43): web_submit_data("register") started  	[MsgId: MMSG-26355]
Register.c(43): Notify: Parameter Substitution: parameter "__RequestVerificationToken" =  "vydV6_T7YKn9SFxnTVfpNybi0F_UWeAWv_rocpoWlbloKMTCob9Ejp-OeSDLCsYUJPf_qsoZ9bRTMDTG5SqAmD9_2ybGz_oHLsUe8r3rfG41"	[MsgId: MMSG-13992]
Register.c(43): Notify: Parameter Substitution: parameter "fname" =  "useronee"	[MsgId: MMSG-13992]
Register.c(43): Notify: Parameter Substitution: parameter "lname" =  "1"	[MsgId: MMSG-13992]
Register.c(43): Notify: Parameter Substitution: parameter "email" =  "useronee@email.com"	[MsgId: MMSG-13992]
Register.c(43): Notify: Parameter Substitution: parameter "password" =  "amir123"	[MsgId: MMSG-13992]
Register.c(43): Notify: Parameter Substitution: parameter "password" =  "amir123"	[MsgId: MMSG-13992]
Register.c(43): Resource "https://demowebshop.tricentis.com/Themes/DefaultClean/Content/styles.css" is in the cache already and will not be downloaded again  	[MsgId: MMSG-26655]
Register.c(43): Resource "https://demowebshop.tricentis.com/Themes/DefaultClean/Content/responsive.css" is in the cache already and will not be downloaded again  	[MsgId: MMSG-26655]
Register.c(43): Resource "https://demowebshop.tricentis.com/Content/jquery-ui-themes/smoothness/jquery-ui-1.10.3.custom.min.css" is in the cache already and will not be downloaded again  	[MsgId: MMSG-26655]
Register.c(43): Resource "https://demowebshop.tricentis.com/Scripts/jquery-1.10.2.min.js" is in the cache already and will not be downloaded again  	[MsgId: MMSG-26655]
Register.c(43): Resource "https://demowebshop.tricentis.com/Scripts/jquery.validate.min.js" is in the cache already and will not be downloaded again  	[MsgId: MMSG-26655]
Register.c(43): Resource "https://demowebshop.tricentis.com/Scripts/jquery.validate.unobtrusive.min.js" is in the cache already and will not be downloaded again  	[MsgId: MMSG-26655]
Register.c(43): Resource "https://demowebshop.tricentis.com/Scripts/jquery-ui-1.10.3.custom.min.js" is in the cache already and will not be downloaded again  	[MsgId: MMSG-26655]
Register.c(43): Resource "https://demowebshop.tricentis.com/Scripts/jquery-migrate-1.2.1.min.js" is in the cache already and will not be downloaded again  	[MsgId: MMSG-26655]
Register.c(43): Resource "https://demowebshop.tricentis.com/Scripts/public.common.js" is in the cache already and will not be downloaded again  	[MsgId: MMSG-26655]
Register.c(43): Resource "https://demowebshop.tricentis.com/Scripts/public.ajaxcart.js" is in the cache already and will not be downloaded again  	[MsgId: MMSG-26655]
Register.c(43): Resource "https://demowebshop.tricentis.com/Themes/DefaultClean/Content/images/logo.png" is in the cache already and will not be downloaded again  	[MsgId: MMSG-26655]
Register.c(43): web_submit_data("register") was successful, 24036 body bytes, 398 header bytes  	[MsgId: MMSG-26386]
Register.c(63): web_url("Tricentis Demo Web Shop") started  	[MsgId: MMSG-26355]
Register.c(63): Resource "https://demowebshop.tricentis.com/Themes/DefaultClean/Content/styles.css" is in the cache already and will not be downloaded again  	[MsgId: MMSG-26655]
Register.c(63): Resource "https://demowebshop.tricentis.com/Themes/DefaultClean/Content/responsive.css" is in the cache already and will not be downloaded again  	[MsgId: MMSG-26655]
Register.c(63): Resource "https://demowebshop.tricentis.com/Content/jquery-ui-themes/smoothness/jquery-ui-1.10.3.custom.min.css" is in the cache already and will not be downloaded again  	[MsgId: MMSG-26655]
Register.c(63): Resource "https://demowebshop.tricentis.com/Plugins/Widgets.NivoSlider/Content/nivoslider/nivo-slider.css" is in the cache already and will not be downloaded again  	[MsgId: MMSG-26655]
Register.c(63): Resource "https://demowebshop.tricentis.com/Plugins/Widgets.NivoSlider/Content/nivoslider/themes/default/default.css" is in the cache already and will not be downloaded again  	[MsgId: MMSG-26655]
Register.c(63): Resource "https://demowebshop.tricentis.com/Scripts/jquery-1.10.2.min.js" is in the cache already and will not be downloaded again  	[MsgId: MMSG-26655]
Register.c(63): Resource "https://demowebshop.tricentis.com/Scripts/jquery.validate.min.js" is in the cache already and will not be downloaded again  	[MsgId: MMSG-26655]
Register.c(63): Resource "https://demowebshop.tricentis.com/Scripts/jquery.validate.unobtrusive.min.js" is in the cache already and will not be downloaded again  	[MsgId: MMSG-26655]
Register.c(63): Resource "https://demowebshop.tricentis.com/Scripts/jquery-ui-1.10.3.custom.min.js" is in the cache already and will not be downloaded again  	[MsgId: MMSG-26655]
Register.c(63): Resource "https://demowebshop.tricentis.com/Scripts/jquery-migrate-1.2.1.min.js" is in the cache already and will not be downloaded again  	[MsgId: MMSG-26655]
Register.c(63): Resource "https://demowebshop.tricentis.com/Scripts/public.common.js" is in the cache already and will not be downloaded again  	[MsgId: MMSG-26655]
Register.c(63): Resource "https://demowebshop.tricentis.com/Scripts/public.ajaxcart.js" is in the cache already and will not be downloaded again  	[MsgId: MMSG-26655]
Register.c(63): Resource "https://demowebshop.tricentis.com/Plugins/Widgets.NivoSlider/Scripts/jquery.nivo.slider.js" is in the cache already and will not be downloaded again  	[MsgId: MMSG-26655]
Register.c(63): Resource "https://demowebshop.tricentis.com/Themes/DefaultClean/Content/images/logo.png" is in the cache already and will not be downloaded again  	[MsgId: MMSG-26655]
Register.c(63): Resource "https://demowebshop.tricentis.com/content/images/thumbs/0000215.png" is in the cache already and will not be downloaded again  	[MsgId: MMSG-26655]
Register.c(63): Resource "https://demowebshop.tricentis.com/content/images/thumbs/0000240.png" is in the cache already and will not be downloaded again  	[MsgId: MMSG-26655]
Register.c(63): Resource "https://demowebshop.tricentis.com/content/images/thumbs/0000015_25-virtual-gift-card_125.jpeg" is in the cache already and will not be downloaded again  	[MsgId: MMSG-26655]
Register.c(63): Resource "https://demowebshop.tricentis.com/content/images/thumbs/0000224_141-inch-laptop_125.png" is in the cache already and will not be downloaded again  	[MsgId: MMSG-26655]
Register.c(63): Resource "https://demowebshop.tricentis.com/content/images/thumbs/0000172_build-your-own-cheap-computer_125.jpeg" is in the cache already and will not be downloaded again  	[MsgId: MMSG-26655]
Register.c(63): Resource "https://demowebshop.tricentis.com/content/images/thumbs/0000031_build-your-own-computer_125.jpeg" is in the cache already and will not be downloaded again  	[MsgId: MMSG-26655]
Register.c(63): Resource "https://demowebshop.tricentis.com/content/images/thumbs/0000201_build-your-own-expensive-computer_125.jpeg" is in the cache already and will not be downloaded again  	[MsgId: MMSG-26655]
Register.c(63): Resource "https://demowebshop.tricentis.com/content/images/thumbs/0000204_simple-computer_125.jpeg" is in the cache already and will not be downloaded again  	[MsgId: MMSG-26655]
Register.c(63): web_url("Tricentis Demo Web Shop") was successful, 34921 body bytes, 369 header bytes  	[MsgId: MMSG-26386]
Register.c(73): Notify: Transaction "Registration" ended with a "Pass" status (Duration: 2.0578 Wasted Time: 0.0072).	[MsgId: MMSG-16871]
Register.c(75): web_url("Log out") started  	[MsgId: MMSG-26355]
Register.c(75): Redirecting "https://demowebshop.tricentis.com/logout" (redirection depth is 0)  	[MsgId: MMSG-26694]
Register.c(75): To location "https://demowebshop.tricentis.com/"  	[MsgId: MMSG-26693]
Register.c(75): Resource "https://demowebshop.tricentis.com/Themes/DefaultClean/Content/styles.css" is in the cache already and will not be downloaded again  	[MsgId: MMSG-26655]
Register.c(75): Resource "https://demowebshop.tricentis.com/Themes/DefaultClean/Content/responsive.css" is in the cache already and will not be downloaded again  	[MsgId: MMSG-26655]
Register.c(75): Resource "https://demowebshop.tricentis.com/Content/jquery-ui-themes/smoothness/jquery-ui-1.10.3.custom.min.css" is in the cache already and will not be downloaded again  	[MsgId: MMSG-26655]
Register.c(75): Resource "https://demowebshop.tricentis.com/Plugins/Widgets.NivoSlider/Content/nivoslider/nivo-slider.css" is in the cache already and will not be downloaded again  	[MsgId: MMSG-26655]
Register.c(75): Resource "https://demowebshop.tricentis.com/Plugins/Widgets.NivoSlider/Content/nivoslider/themes/default/default.css" is in the cache already and will not be downloaded again  	[MsgId: MMSG-26655]
Register.c(75): Resource "https://demowebshop.tricentis.com/Scripts/jquery-1.10.2.min.js" is in the cache already and will not be downloaded again  	[MsgId: MMSG-26655]
Register.c(75): Resource "https://demowebshop.tricentis.com/Scripts/jquery.validate.min.js" is in the cache already and will not be downloaded again  	[MsgId: MMSG-26655]
Register.c(75): Resource "https://demowebshop.tricentis.com/Scripts/jquery.validate.unobtrusive.min.js" is in the cache already and will not be downloaded again  	[MsgId: MMSG-26655]
Register.c(75): Resource "https://demowebshop.tricentis.com/Scripts/jquery-ui-1.10.3.custom.min.js" is in the cache already and will not be downloaded again  	[MsgId: MMSG-26655]
Register.c(75): Resource "https://demowebshop.tricentis.com/Scripts/jquery-migrate-1.2.1.min.js" is in the cache already and will not be downloaded again  	[MsgId: MMSG-26655]
Register.c(75): Resource "https://demowebshop.tricentis.com/Scripts/public.common.js" is in the cache already and will not be downloaded again  	[MsgId: MMSG-26655]
Register.c(75): Resource "https://demowebshop.tricentis.com/Scripts/public.ajaxcart.js" is in the cache already and will not be downloaded again  	[MsgId: MMSG-26655]
Register.c(75): Resource "https://demowebshop.tricentis.com/Plugins/Widgets.NivoSlider/Scripts/jquery.nivo.slider.js" is in the cache already and will not be downloaded again  	[MsgId: MMSG-26655]
Register.c(75): Resource "https://demowebshop.tricentis.com/Themes/DefaultClean/Content/images/logo.png" is in the cache already and will not be downloaded again  	[MsgId: MMSG-26655]
Register.c(75): Resource "https://demowebshop.tricentis.com/content/images/thumbs/0000215.png" is in the cache already and will not be downloaded again  	[MsgId: MMSG-26655]
Register.c(75): Resource "https://demowebshop.tricentis.com/content/images/thumbs/0000240.png" is in the cache already and will not be downloaded again  	[MsgId: MMSG-26655]
Register.c(75): Resource "https://demowebshop.tricentis.com/content/images/thumbs/0000015_25-virtual-gift-card_125.jpeg" is in the cache already and will not be downloaded again  	[MsgId: MMSG-26655]
Register.c(75): Resource "https://demowebshop.tricentis.com/content/images/thumbs/0000224_141-inch-laptop_125.png" is in the cache already and will not be downloaded again  	[MsgId: MMSG-26655]
Register.c(75): Resource "https://demowebshop.tricentis.com/content/images/thumbs/0000172_build-your-own-cheap-computer_125.jpeg" is in the cache already and will not be downloaded again  	[MsgId: MMSG-26655]
Register.c(75): Resource "https://demowebshop.tricentis.com/content/images/thumbs/0000031_build-your-own-computer_125.jpeg" is in the cache already and will not be downloaded again  	[MsgId: MMSG-26655]
Register.c(75): Resource "https://demowebshop.tricentis.com/content/images/thumbs/0000201_build-your-own-expensive-computer_125.jpeg" is in the cache already and will not be downloaded again  	[MsgId: MMSG-26655]
Register.c(75): Resource "https://demowebshop.tricentis.com/content/images/thumbs/0000204_simple-computer_125.jpeg" is in the cache already and will not be downloaded again  	[MsgId: MMSG-26655]
Register.c(75): web_url("Log out") was successful, 35039 body bytes, 942 header bytes  	[MsgId: MMSG-26386]
Ending action Register.	[MsgId: MMSG-15918]
Starting action Login.	[MsgId: MMSG-15919]
Login.c(4): Notify: Transaction "Login" started.	[MsgId: MMSG-16999]
Login.c(6): web_add_auto_header("Accept-Language") started  	[MsgId: MMSG-26355]
Login.c(6): web_add_auto_header("Accept-Language") was successful  	[MsgId: MMSG-26392]
Login.c(9): lr_think_time: 13.00 seconds.	[MsgId: MMSG-15948]
Login.c(9): Notify: Transaction "Login" ended with a "Stop" status (Duration: 3.0638).	[MsgId: MMSG-16873]
Abort was called from an action.	[MsgId: MMSG-10447]
Ending Vuser...	[MsgId: MMSG-15966]
Starting action vuser_end.	[MsgId: MMSG-15919]
Ending action vuser_end.	[MsgId: MMSG-15918]
Vuser Terminated.	[MsgId: MMSG-15963]
Vuser 0 (thread 8328), ended OK."	[MsgId: MMSG-10695]
